Command: /home/arpanr2/mp4/sim/./simv -l simulation.log
Chronologic VCS simulator copyright 1991-2020
Contains Synopsys proprietary information.
Compiler version R-2020.12-SP1-1_Full64; Runtime version R-2020.12-SP1-1_Full64;  Mar  9 16:44 2023
*Verdi* Loading libsscore_vcs202012.so
FSDB Dumper for VCS, Release Verdi_R-2020.12-SP1-1, Linux x86_64/64bit, 04/20/2021
(C) 1996 - 2021 by Synopsys, Inc.
*Verdi* FSDB WARNING: The FSDB file already exists. Overwriting the FSDB file may crash the programs that are using this file.
*Verdi* : Create FSDB file 'dump.fsdb'
*Verdi* : Begin traversing the scope (mp4_tb), layer (0).
*Verdi* : Enable +all dumping.
*Verdi* : End of traversing.
Compilation Successful
Reset Memory
BASED!
cycles: 452
$finish called from file "/home/arpanr2/mp4/hvl/top.sv", line 191.
$finish at simulation time              2715000
           V C S   S i m u l a t i o n   R e p o r t 
Time: 2715000 ps
CPU Time:      0.300 seconds;       Data structure size:   0.3Mb
Thu Mar  9 16:44:09 2023
