version: (200506)

available memory: 64M bytes
used memory: 385024 bytes [need 376K bytes if disable swap]

used block: 19 [memory(19) file(0)]
                 [ 8K(15) 64K(4) { total 376K bytes } ]
overhead: (9538) bytes for (19) blocks [Average: (502) bytes/block]

write  => 0(times) 0K(bytes) [0K bytes to file]
read   => 4(times) 105K(bytes) [18K bytes compressed data from file]
access => 949464(times) 7451M(bytes)
          [hit ratio: 99.9996%]

time: write(0) read(0)  unit: second

swap file directory: (/home/arpanr2/mp4/verdi/verdiLog)
used swap file number: (6)



swap file manager:
arrSize: (256)
idxCnt: (7)
closeHead: (1)
closeTail: (6)
openCnt: (1)
fid(6): fd(0) fileName(NULL)
	mode(rb)	hot(5) cool(0) pos(0)
fid(5): fd(0) fileName(NULL)
	mode(rb)	hot(4) cool(6) pos(0)
fid(4): fd(0) fileName(NULL)
	mode(rb)	hot(3) cool(5) pos(0)
fid(3): fd(0) fileName(NULL)
	mode(rb)	hot(1) cool(4) pos(0)
fid(2): fd(26) fileName(/home/arpanr2/mp4/verdi/verdiLog/_swap_0001#-1367302213#456481)
	size(0) lastModTime(0) curModTime(1678400937)
	mode(w+b)	hot(4) cool(1) pos(0)
fid(1): fd(0) fileName(NULL)
	mode(rb)	hot(2) cool(3) pos(0)
fid(0): fd(0) fileName(NULL)
	mode(NULL)	hot(0) cool(0) pos(0)
Swap system is reset at (Thu Mar  9 16:34:42 2023
)
version: (200506)

available memory: 64M bytes
used memory: 622592 bytes [need 376K bytes if disable swap]

used block: 34 [memory(34) file(0)]
                 [ 8K(28) 64K(6) { total 608K bytes } ]
overhead: (9538) bytes for (34) blocks [Average: (280) bytes/block]

write  => 0(times) 0K(bytes) [0K bytes to file]
read   => 6(times) 173K(bytes) [28K bytes compressed data from file]
access => 2499675(times) 19594M(bytes)
          [hit ratio: 99.9998%]

time: write(0) read(0)  unit: second

swap file directory: (/home/arpanr2/mp4/verdi/verdiLog)
used swap file number: (9)



swap file manager:
arrSize: (256)
idxCnt: (10)
closeHead: (7)
closeTail: (9)
openCnt: (1)
fid(9): fd(0) fileName(NULL)
	mode(rb)	hot(7) cool(0) pos(0)
fid(8): fd(34) fileName(/home/arpanr2/mp4/verdi/verdiLog/_swap_0001#-1367302213#456481)
	size(0) lastModTime(0) curModTime(1678401283)
	mode(w+b)	hot(9) cool(7) pos(0)
fid(7): fd(0) fileName(NULL)
	mode(rb)	hot(8) cool(9) pos(0)
fid(6): fd(0) fileName(NULL)
	mode(NULL)	hot(0) cool(0) pos(0)
fid(5): fd(0) fileName(NULL)
	mode(NULL)	hot(0) cool(0) pos(0)
fid(4): fd(0) fileName(NULL)
	mode(NULL)	hot(0) cool(0) pos(0)
fid(3): fd(0) fileName(NULL)
	mode(NULL)	hot(0) cool(0) pos(0)
fid(2): fd(0) fileName(NULL)
	mode(NULL)	hot(0) cool(0) pos(0)
fid(1): fd(0) fileName(NULL)
	mode(NULL)	hot(0) cool(0) pos(0)
fid(0): fd(0) fileName(NULL)
	mode(NULL)	hot(0) cool(0) pos(0)
Swap system is reset at (Thu Mar  9 16:43:41 2023
)
version: (200506)

available memory: 64M bytes
used memory: 729088 bytes [need 376K bytes if disable swap]

used block: 40 [memory(40) file(0)]
                 [ 8K(33) 64K(7) { total 712K bytes } ]
overhead: (9538) bytes for (40) blocks [Average: (238) bytes/block]

write  => 0(times) 0K(bytes) [0K bytes to file]
read   => 7(times) 194K(bytes) [31K bytes compressed data from file]
access => 2530108(times) 19841M(bytes)
          [hit ratio: 99.9997%]

time: write(0) read(0)  unit: second

swap file directory: (/home/arpanr2/mp4/verdi/verdiLog)
used swap file number: (10)



swap file manager:
arrSize: (256)
idxCnt: (12)
closeHead: (10)
closeTail: (11)
openCnt: (1)
fid(11): fd(32) fileName(/home/arpanr2/mp4/verdi/verdiLog/_swap_0001#-1367302213#456481)
	size(0) lastModTime(0) curModTime(1678401822)
	mode(w+b)	hot(0) cool(10) pos(0)
fid(10): fd(0) fileName(NULL)
	mode(rb)	hot(11) cool(0) pos(0)
fid(9): fd(0) fileName(NULL)
	mode(NULL)	hot(0) cool(0) pos(0)
fid(8): fd(0) fileName(NULL)
	mode(NULL)	hot(0) cool(0) pos(0)
fid(7): fd(0) fileName(NULL)
	mode(NULL)	hot(0) cool(0) pos(0)
fid(6): fd(0) fileName(NULL)
	mode(NULL)	hot(0) cool(0) pos(0)
fid(5): fd(0) fileName(NULL)
	mode(NULL)	hot(0) cool(0) pos(0)
fid(4): fd(0) fileName(NULL)
	mode(NULL)	hot(0) cool(0) pos(0)
fid(3): fd(0) fileName(NULL)
	mode(NULL)	hot(0) cool(0) pos(0)
fid(2): fd(0) fileName(NULL)
	mode(NULL)	hot(0) cool(0) pos(0)
fid(1): fd(0) fileName(NULL)
	mode(NULL)	hot(0) cool(0) pos(0)
fid(0): fd(0) fileName(NULL)
	mode(NULL)	hot(0) cool(0) pos(0)
Swap system is reset at (Thu Mar  9 16:43:44 2023
)
version: (200506)

available memory: 64M bytes
used memory: 835584 bytes [need 376K bytes if disable swap]

used block: 46 [memory(46) file(0)]
                 [ 8K(38) 64K(8) { total 816K bytes } ]
overhead: (9538) bytes for (46) blocks [Average: (207) bytes/block]

write  => 0(times) 0K(bytes) [0K bytes to file]
read   => 8(times) 215K(bytes) [33K bytes compressed data from file]
access => 2579152(times) 20234M(bytes)
          [hit ratio: 99.9997%]

time: write(0) read(0)  unit: second

swap file directory: (/home/arpanr2/mp4/verdi/verdiLog)
used swap file number: (12)



swap file manager:
arrSize: (256)
idxCnt: (14)
closeHead: (12)
closeTail: (13)
openCnt: (2)
fid(13): fd(31) fileName(/home/arpanr2/mp4/verdi/verdiLog/_swap_0001#-1367302213#456481)
	size(0) lastModTime(0) curModTime(1678401824)
	mode(w+b)	hot(0) cool(12) pos(0)
fid(12): fd(1073741824) fileName(/home/arpanr2/mp4/sim/simv.daidir/kdb.elab++/work.lib++/accel_res_station.sv.tdc)
	size(5507) lastModTime(1678401193) curModTime(1678401193)
	mode(rb)	hot(13) cool(0) pos(0)
fid(11): fd(0) fileName(NULL)
	mode(NULL)	hot(0) cool(0) pos(0)
fid(10): fd(0) fileName(NULL)
	mode(NULL)	hot(0) cool(0) pos(0)
fid(9): fd(0) fileName(NULL)
	mode(NULL)	hot(0) cool(0) pos(0)
fid(8): fd(0) fileName(NULL)
	mode(NULL)	hot(0) cool(0) pos(0)
fid(7): fd(0) fileName(NULL)
	mode(NULL)	hot(0) cool(0) pos(0)
fid(6): fd(0) fileName(NULL)
	mode(NULL)	hot(0) cool(0) pos(0)
fid(5): fd(0) fileName(NULL)
	mode(NULL)	hot(0) cool(0) pos(0)
fid(4): fd(0) fileName(NULL)
	mode(NULL)	hot(0) cool(0) pos(0)
fid(3): fd(0) fileName(NULL)
	mode(NULL)	hot(0) cool(0) pos(0)
fid(2): fd(0) fileName(NULL)
	mode(NULL)	hot(0) cool(0) pos(0)
fid(1): fd(0) fileName(NULL)
	mode(NULL)	hot(0) cool(0) pos(0)
fid(0): fd(0) fileName(NULL)
	mode(NULL)	hot(0) cool(0) pos(0)
==================================================
mySelf(1668e3e0) pre(164a0aa0) next(0)
version(200506)
date(Mar 24 2021 03:58:02)
